<?xml version="1.0" encoding="UTF-8"?>
<!-- Generated by org.testng.reporters.JUnitXMLReporter -->
<testsuite hostname="LAPTOP-MCMMF3G2" ignored="0" name="Test" tests="3" failures="1" timestamp="2020-04-21T21:25:14 IST" time="50.407" errors="0">
  <testcase name="ediboxvalidation" time="26.578" classname="rahuleshettyExtentReports.Test3">
    <failure type="java.lang.AssertionError" message="did not expect to find [true] but found [false]">
      <![CDATA[java.lang.AssertionError: did not expect to find [true] but found [false]
at rahuleshettyExtentReports.Test3.ediboxvalidation(Test3.java:26)
at java.util.concurrent.ThreadPoolExecutor.runWorker(ThreadPoolExecutor.java:1149)
at java.util.concurrent.ThreadPoolExecutor$Worker.run(ThreadPoolExecutor.java:624)
at java.lang.Thread.run(Thread.java:748)
... Removed 16 stack frames]]>
    </failure>
  </testcase> <!-- ediboxvalidation -->
  <testcase name="googletitlevalidation" time="28.983" classname="rahuleshettyExtentReports.Test2"/>
  <testcase name="initialdemo" time="50.378" classname="rahuleshettyExtentReports.Test1"/>
</testsuite> <!-- Test -->
