<?xml version="1.0" encoding="UTF-8"?>
<!-- Generated by org.testng.reporters.JUnitXMLReporter -->
<testsuite hostname="LAPTOP-MCMMF3G2" ignored="0" name="Test" tests="2" failures="0" timestamp="2020-01-14T22:14:48 IST" time="0.082" errors="0">
  <testcase name="@BeforeMethod setup" time="0.038" classname="applaucnch.Handling_Movement_Mwindows_Alert">
    <failure type="java.lang.IllegalStateException" message="The path to the driver executable must be set by the webdriver.chrome.driver system property; for more information, see https://github.com/SeleniumHQ/selenium/wiki/ChromeDriver. The latest version can be downloaded from http://chromedriver.storage.googleapis.com/index.html">
      <![CDATA[java.lang.IllegalStateException: The path to the driver executable must be set by the webdriver.chrome.driver system property; for more information, see https://github.com/SeleniumHQ/selenium/wiki/ChromeDriver. The latest version can be downloaded from http://chromedriver.storage.googleapis.com/index.html
at com.google.common.base.Preconditions.checkState(Preconditions.java:847)
at org.openqa.selenium.remote.service.DriverService.findExecutable(DriverService.java:134)
at org.openqa.selenium.chrome.ChromeDriverService.access$000(ChromeDriverService.java:35)
at org.openqa.selenium.chrome.ChromeDriverService$Builder.findDefaultExecutable(ChromeDriverService.java:159)
at org.openqa.selenium.remote.service.DriverService$Builder.build(DriverService.java:355)
at org.openqa.selenium.chrome.ChromeDriverService.createDefaultService(ChromeDriverService.java:94)
at org.openqa.selenium.chrome.ChromeDriver.<init>(ChromeDriver.java:123)
at applaucnch.Handling_Movement_Mwindows_Alert.setup(Handling_Movement_Mwindows_Alert.java:23)
at java.util.ArrayList.forEach(ArrayList.java:1257)
... Removed 31 stack frames]]>
    </failure>
  </testcase> <!-- @BeforeMethod setup -->
  <testcase name="@AfterMethod teardown" time="-1.579020288272E9" classname="applaucnch.Handling_Movement_Mwindows_Alert">
    <skipped/>
  </testcase> <!-- @AfterMethod teardown -->
  <testcase name="@BeforeMethod setup" time="-1.579020288276E9" classname="applaucnch.Handling_Movement_Mwindows_Alert">
    <skipped/>
  </testcase> <!-- @BeforeMethod setup -->
  <testcase name="@AfterMethod teardown" time="-1.579020288281E9" classname="applaucnch.Handling_Movement_Mwindows_Alert">
    <skipped/>
  </testcase> <!-- @AfterMethod teardown -->
  <testcase name="handlingbrow" time="0.0" classname="applaucnch.Handling_Movement_Mwindows_Alert">
    <skipped/>
  </testcase> <!-- handlingbrow -->
  <testcase name="multiwindow" time="0.0" classname="applaucnch.Handling_Movement_Mwindows_Alert">
    <skipped/>
  </testcase> <!-- multiwindow -->
</testsuite> <!-- Test -->
